DELETE FILE: 2022/07/26 23:56:43 /tmp/gomisc/misc/android/go_android_exec.go
DELETE FILE: 2022/07/26 23:56:43 /tmp/gomisc/misc/cgo/errors/argposition_test.go
DELETE FILE: 2022/07/26 23:56:43 /tmp/gomisc/misc/cgo/errors/badsym_test.go
DELETE FILE: 2022/07/26 23:56:43 /tmp/gomisc/misc/cgo/errors/errors_test.go
DELETE FILE: 2022/07/26 23:56:43 /tmp/gomisc/misc/cgo/errors/ptr_test.go
DELETE FILE: 2022/07/26 23:56:43 /tmp/gomisc/misc/cgo/errors/testdata/err1.go
DELETE FILE: 2022/07/26 23:56:43 /tmp/gomisc/misc/cgo/errors/testdata/err2.go
DELETE FILE: 2022/07/26 23:56:43 /tmp/gomisc/misc/cgo/errors/testdata/err4.go
DELETE FILE: 2022/07/26 23:56:43 /tmp/gomisc/misc/cgo/errors/testdata/issue11097a.go
DELETE FILE: 2022/07/26 23:56:43 /tmp/gomisc/misc/cgo/errors/testdata/issue11097b.go
DELETE FILE: 2022/07/26 23:56:43 /tmp/gomisc/misc/cgo/errors/testdata/issue14669.go
DELETE FILE: 2022/07/26 23:56:43 /tmp/gomisc/misc/cgo/errors/testdata/issue18452.go
DELETE FILE: 2022/07/26 23:56:43 /tmp/gomisc/misc/cgo/errors/testdata/issue18889.go
DELETE FILE: 2022/07/26 23:56:43 /tmp/gomisc/misc/cgo/errors/testdata/issue28069.go
DELETE FILE: 2022/07/26 23:56:43 /tmp/gomisc/misc/cgo/errors/testdata/issue28721.go
DELETE FILE: 2022/07/26 23:56:43 /tmp/gomisc/misc/cgo/errors/testdata/issue33061.go
DELETE FILE: 2022/07/26 23:56:43 /tmp/gomisc/misc/cgo/errors/testdata/issue42580.go
DELETE FILE: 2022/07/26 23:56:43 /tmp/gomisc/misc/cgo/errors/testdata/long_double_size.go
DELETE FILE: 2022/07/26 23:56:43 /tmp/gomisc/misc/cgo/errors/testdata/malloc.go
DELETE FILE: 2022/07/26 23:56:43 /tmp/gomisc/misc/cgo/fortran/fortran.go
DELETE FILE: 2022/07/26 23:56:43 /tmp/gomisc/misc/cgo/fortran/fortran_test.go
DELETE FILE: 2022/07/26 23:56:43 /tmp/gomisc/misc/cgo/gmp/fib.go
DELETE FILE: 2022/07/26 23:56:43 /tmp/gomisc/misc/cgo/gmp/gmp.go
DELETE FILE: 2022/07/26 23:56:43 /tmp/gomisc/misc/cgo/gmp/pi.go
DELETE FILE: 2022/07/26 23:56:43 /tmp/gomisc/misc/cgo/life/life_test.go
DELETE FILE: 2022/07/26 23:56:43 /tmp/gomisc/misc/cgo/life/overlaydir_test.go
DELETE FILE: 2022/07/26 23:56:43 /tmp/gomisc/misc/cgo/life/testdata/life.go
DELETE FILE: 2022/07/26 23:56:43 /tmp/gomisc/misc/cgo/life/testdata/main.go
DELETE FILE: 2022/07/26 23:56:43 /tmp/gomisc/misc/cgo/nocgo/nocgo.go
DELETE FILE: 2022/07/26 23:56:43 /tmp/gomisc/misc/cgo/nocgo/nocgo_test.go
DELETE FILE: 2022/07/26 23:56:43 /tmp/gomisc/misc/cgo/stdio/overlaydir_test.go
DELETE FILE: 2022/07/26 23:56:43 /tmp/gomisc/misc/cgo/stdio/stdio_test.go
DELETE FILE: 2022/07/26 23:56:43 /tmp/gomisc/misc/cgo/stdio/testdata/chain.go
DELETE FILE: 2022/07/26 23:56:43 /tmp/gomisc/misc/cgo/stdio/testdata/fib.go
DELETE FILE: 2022/07/26 23:56:43 /tmp/gomisc/misc/cgo/stdio/testdata/hello.go
DELETE FILE: 2022/07/26 23:56:43 /tmp/gomisc/misc/cgo/stdio/testdata/stdio/file.go
DELETE FILE: 2022/07/26 23:56:43 /tmp/gomisc/misc/cgo/stdio/testdata/stdio/stdio.go
DELETE FILE: 2022/07/26 23:56:43 /tmp/gomisc/misc/cgo/test/backdoor.go
DELETE FILE: 2022/07/26 23:56:43 /tmp/gomisc/misc/cgo/test/buildid_linux.go
DELETE FILE: 2022/07/26 23:56:43 /tmp/gomisc/misc/cgo/test/callback.go
DELETE FILE: 2022/07/26 23:56:43 /tmp/gomisc/misc/cgo/test/cgo_linux_test.go
DELETE FILE: 2022/07/26 23:56:43 /tmp/gomisc/misc/cgo/test/cgo_stubs_android_test.go
DELETE FILE: 2022/07/26 23:56:44 /tmp/gomisc/misc/cgo/test/cgo_test.go
DELETE FILE: 2022/07/26 23:56:44 /tmp/gomisc/misc/cgo/test/cgo_thread_lock.go
DELETE FILE: 2022/07/26 23:56:44 /tmp/gomisc/misc/cgo/test/cgo_unix_test.go
DELETE FILE: 2022/07/26 23:56:44 /tmp/gomisc/misc/cgo/test/issue1435.go
DELETE FILE: 2022/07/26 23:56:44 /tmp/gomisc/misc/cgo/test/issue18146.go
DELETE FILE: 2022/07/26 23:56:44 /tmp/gomisc/misc/cgo/test/issue21897.go
DELETE FILE: 2022/07/26 23:56:44 /tmp/gomisc/misc/cgo/test/issue21897b.go
DELETE FILE: 2022/07/26 23:56:44 /tmp/gomisc/misc/cgo/test/issue4029.go
DELETE FILE: 2022/07/26 23:56:44 /tmp/gomisc/misc/cgo/test/issue4029w.go
DELETE FILE: 2022/07/26 23:56:44 /tmp/gomisc/misc/cgo/test/issue42495.go
DELETE FILE: 2022/07/26 23:56:44 /tmp/gomisc/misc/cgo/test/issue6997_linux.go
DELETE FILE: 2022/07/26 23:56:44 /tmp/gomisc/misc/cgo/test/issue7234_test.go
DELETE FILE: 2022/07/26 23:56:44 /tmp/gomisc/misc/cgo/test/issue8148.go
DELETE FILE: 2022/07/26 23:56:44 /tmp/gomisc/misc/cgo/test/issue8517.go
DELETE FILE: 2022/07/26 23:56:44 /tmp/gomisc/misc/cgo/test/issue8517_windows.go
DELETE FILE: 2022/07/26 23:56:44 /tmp/gomisc/misc/cgo/test/issue8694.go
DELETE FILE: 2022/07/26 23:56:44 /tmp/gomisc/misc/cgo/test/overlaydir_test.go
DELETE FILE: 2022/07/26 23:56:44 /tmp/gomisc/misc/cgo/test/pkg_test.go
DELETE FILE: 2022/07/26 23:56:44 /tmp/gomisc/misc/cgo/test/setgid_linux.go
DELETE FILE: 2022/07/26 23:56:44 /tmp/gomisc/misc/cgo/test/sigaltstack.go
DELETE FILE: 2022/07/26 23:56:44 /tmp/gomisc/misc/cgo/test/sigprocmask.go
DELETE FILE: 2022/07/26 23:56:44 /tmp/gomisc/misc/cgo/test/test.go
DELETE FILE: 2022/07/26 23:56:44 /tmp/gomisc/misc/cgo/test/test_unix.go
DELETE FILE: 2022/07/26 23:56:44 /tmp/gomisc/misc/cgo/test/test_windows.go
DELETE FILE: 2022/07/26 23:56:44 /tmp/gomisc/misc/cgo/test/testdata/cgo_linux_test.go
DELETE FILE: 2022/07/26 23:56:44 /tmp/gomisc/misc/cgo/test/testdata/cgo_test.go
DELETE FILE: 2022/07/26 23:56:44 /tmp/gomisc/misc/cgo/test/testdata/gcc68255/a.go
DELETE FILE: 2022/07/26 23:56:44 /tmp/gomisc/misc/cgo/test/testdata/gcc68255.go
DELETE FILE: 2022/07/26 23:56:44 /tmp/gomisc/misc/cgo/test/testdata/issue20266.go
DELETE FILE: 2022/07/26 23:56:44 /tmp/gomisc/misc/cgo/test/testdata/issue23555.go
DELETE FILE: 2022/07/26 23:56:44 /tmp/gomisc/misc/cgo/test/testdata/issue23555a/a.go
DELETE FILE: 2022/07/26 23:56:44 /tmp/gomisc/misc/cgo/test/testdata/issue23555b/a.go
DELETE FILE: 2022/07/26 23:56:44 /tmp/gomisc/misc/cgo/test/testdata/issue24161_darwin_test.go
DELETE FILE: 2022/07/26 23:56:44 /tmp/gomisc/misc/cgo/test/testdata/issue24161arg/def.go
DELETE FILE: 2022/07/26 23:56:44 /tmp/gomisc/misc/cgo/test/testdata/issue24161arg/use.go
DELETE FILE: 2022/07/26 23:56:44 /tmp/gomisc/misc/cgo/test/testdata/issue24161e0/main.go
DELETE FILE: 2022/07/26 23:56:44 /tmp/gomisc/misc/cgo/test/testdata/issue24161e1/main.go
DELETE FILE: 2022/07/26 23:56:44 /tmp/gomisc/misc/cgo/test/testdata/issue24161e2/main.go
DELETE FILE: 2022/07/26 23:56:44 /tmp/gomisc/misc/cgo/test/testdata/issue24161res/restype.go
DELETE FILE: 2022/07/26 23:56:44 /tmp/gomisc/misc/cgo/test/testdata/issue26213/test26213.go
DELETE FILE: 2022/07/26 23:56:44 /tmp/gomisc/misc/cgo/test/testdata/issue26430/a.go
DELETE FILE: 2022/07/26 23:56:44 /tmp/gomisc/misc/cgo/test/testdata/issue26430/b.go
DELETE FILE: 2022/07/26 23:56:44 /tmp/gomisc/misc/cgo/test/testdata/issue26430.go
DELETE FILE: 2022/07/26 23:56:44 /tmp/gomisc/misc/cgo/test/testdata/issue26743/a.go
DELETE FILE: 2022/07/26 23:56:44 /tmp/gomisc/misc/cgo/test/testdata/issue26743/b.go
DELETE FILE: 2022/07/26 23:56:44 /tmp/gomisc/misc/cgo/test/testdata/issue26743.go
DELETE FILE: 2022/07/26 23:56:44 /tmp/gomisc/misc/cgo/test/testdata/issue27054/test27054.go
DELETE FILE: 2022/07/26 23:56:44 /tmp/gomisc/misc/cgo/test/testdata/issue27340/a.go
DELETE FILE: 2022/07/26 23:56:44 /tmp/gomisc/misc/cgo/test/testdata/issue27340.go
DELETE FILE: 2022/07/26 23:56:44 /tmp/gomisc/misc/cgo/test/testdata/issue29563/weak.go
DELETE FILE: 2022/07/26 23:56:44 /tmp/gomisc/misc/cgo/test/testdata/issue29563.go
DELETE FILE: 2022/07/26 23:56:44 /tmp/gomisc/misc/cgo/test/testdata/issue30527/a.go
DELETE FILE: 2022/07/26 23:56:44 /tmp/gomisc/misc/cgo/test/testdata/issue30527/b.go
DELETE FILE: 2022/07/26 23:56:44 /tmp/gomisc/misc/cgo/test/testdata/issue30527.go
DELETE FILE: 2022/07/26 23:56:44 /tmp/gomisc/misc/cgo/test/testdata/issue41761.go
DELETE FILE: 2022/07/26 23:56:44 /tmp/gomisc/misc/cgo/test/testdata/issue41761a/a.go
DELETE FILE: 2022/07/26 23:56:44 /tmp/gomisc/misc/cgo/test/testdata/issue8756/issue8756.go
DELETE FILE: 2022/07/26 23:56:44 /tmp/gomisc/misc/cgo/test/testdata/issue8756.go
DELETE FILE: 2022/07/26 23:56:44 /tmp/gomisc/misc/cgo/test/testdata/issue8828/trivial.go
DELETE FILE: 2022/07/26 23:56:44 /tmp/gomisc/misc/cgo/test/testdata/issue8828.go
DELETE FILE: 2022/07/26 23:56:45 /tmp/gomisc/misc/cgo/test/testdata/issue9026/issue9026.go
DELETE FILE: 2022/07/26 23:56:45 /tmp/gomisc/misc/cgo/test/testdata/issue9026.go
DELETE FILE: 2022/07/26 23:56:45 /tmp/gomisc/misc/cgo/test/testdata/issue9400/gccgo.go
DELETE FILE: 2022/07/26 23:56:45 /tmp/gomisc/misc/cgo/test/testdata/issue9400/stubs.go
DELETE FILE: 2022/07/26 23:56:45 /tmp/gomisc/misc/cgo/test/testdata/issue9400_linux.go
DELETE FILE: 2022/07/26 23:56:45 /tmp/gomisc/misc/cgo/test/testdata/issue9510.go
DELETE FILE: 2022/07/26 23:56:45 /tmp/gomisc/misc/cgo/test/testdata/issue9510a/a.go
DELETE FILE: 2022/07/26 23:56:45 /tmp/gomisc/misc/cgo/test/testdata/issue9510b/b.go
DELETE FILE: 2022/07/26 23:56:45 /tmp/gomisc/misc/cgo/test/testdata/test26213.go
DELETE FILE: 2022/07/26 23:56:45 /tmp/gomisc/misc/cgo/test/testx.go
DELETE FILE: 2022/07/26 23:56:45 /tmp/gomisc/misc/cgo/testasan/main.go
DELETE FILE: 2022/07/26 23:56:45 /tmp/gomisc/misc/cgo/testcarchive/carchive_test.go
DELETE FILE: 2022/07/26 23:56:45 /tmp/gomisc/misc/cgo/testcarchive/overlaydir_test.go
DELETE FILE: 2022/07/26 23:56:45 /tmp/gomisc/misc/cgo/testcarchive/testdata/libgo/libgo.go
DELETE FILE: 2022/07/26 23:56:45 /tmp/gomisc/misc/cgo/testcarchive/testdata/libgo2/libgo2.go
DELETE FILE: 2022/07/26 23:56:45 /tmp/gomisc/misc/cgo/testcarchive/testdata/libgo3/libgo3.go
DELETE FILE: 2022/07/26 23:56:45 /tmp/gomisc/misc/cgo/testcarchive/testdata/libgo4/libgo4.go
DELETE FILE: 2022/07/26 23:56:45 /tmp/gomisc/misc/cgo/testcarchive/testdata/libgo6/sigprof.go
DELETE FILE: 2022/07/26 23:56:45 /tmp/gomisc/misc/cgo/testcarchive/testdata/libgo7/sink.go
DELETE FILE: 2022/07/26 23:56:45 /tmp/gomisc/misc/cgo/testcarchive/testdata/p/p.go
DELETE FILE: 2022/07/26 23:56:45 /tmp/gomisc/misc/cgo/testcshared/cshared_test.go
DELETE FILE: 2022/07/26 23:56:45 /tmp/gomisc/misc/cgo/testcshared/overlaydir_test.go
DELETE FILE: 2022/07/26 23:56:45 /tmp/gomisc/misc/cgo/testcshared/testdata/go2c2go/go/shlib.go
DELETE FILE: 2022/07/26 23:56:45 /tmp/gomisc/misc/cgo/testcshared/testdata/go2c2go/m1/main.go
DELETE FILE: 2022/07/26 23:56:45 /tmp/gomisc/misc/cgo/testcshared/testdata/go2c2go/m2/main.go
DELETE FILE: 2022/07/26 23:56:45 /tmp/gomisc/misc/cgo/testcshared/testdata/libgo/libgo.go
DELETE FILE: 2022/07/26 23:56:45 /tmp/gomisc/misc/cgo/testcshared/testdata/libgo2/dup2.go
DELETE FILE: 2022/07/26 23:56:45 /tmp/gomisc/misc/cgo/testcshared/testdata/libgo2/dup3.go
DELETE FILE: 2022/07/26 23:56:45 /tmp/gomisc/misc/cgo/testcshared/testdata/libgo2/libgo2.go
DELETE FILE: 2022/07/26 23:56:45 /tmp/gomisc/misc/cgo/testcshared/testdata/libgo4/libgo4.go
DELETE FILE: 2022/07/26 23:56:45 /tmp/gomisc/misc/cgo/testcshared/testdata/libgo5/libgo5.go
DELETE FILE: 2022/07/26 23:56:45 /tmp/gomisc/misc/cgo/testcshared/testdata/p/p.go
DELETE FILE: 2022/07/26 23:56:45 /tmp/gomisc/misc/cgo/testgodefs/testdata/anonunion.go
DELETE FILE: 2022/07/26 23:56:45 /tmp/gomisc/misc/cgo/testgodefs/testdata/bitfields.go
DELETE FILE: 2022/07/26 23:56:45 /tmp/gomisc/misc/cgo/testgodefs/testdata/fieldtypedef.go
DELETE FILE: 2022/07/26 23:56:45 /tmp/gomisc/misc/cgo/testgodefs/testdata/issue37479.go
DELETE FILE: 2022/07/26 23:56:45 /tmp/gomisc/misc/cgo/testgodefs/testdata/issue37621.go
DELETE FILE: 2022/07/26 23:56:45 /tmp/gomisc/misc/cgo/testgodefs/testdata/issue38649.go
DELETE FILE: 2022/07/26 23:56:45 /tmp/gomisc/misc/cgo/testgodefs/testdata/issue39534.go
DELETE FILE: 2022/07/26 23:56:45 /tmp/gomisc/misc/cgo/testgodefs/testdata/issue8478.go
DELETE FILE: 2022/07/26 23:56:45 /tmp/gomisc/misc/cgo/testgodefs/testdata/main.go
DELETE FILE: 2022/07/26 23:56:45 /tmp/gomisc/misc/cgo/testgodefs/testgodefs_test.go
DELETE FILE: 2022/07/26 23:56:45 /tmp/gomisc/misc/cgo/testplugin/altpath/testdata/common/common.go
DELETE FILE: 2022/07/26 23:56:45 /tmp/gomisc/misc/cgo/testplugin/altpath/testdata/plugin-mismatch/main.go
DELETE FILE: 2022/07/26 23:56:45 /tmp/gomisc/misc/cgo/testplugin/overlaydir_test.go
DELETE FILE: 2022/07/26 23:56:45 /tmp/gomisc/misc/cgo/testplugin/plugin_test.go
DELETE FILE: 2022/07/26 23:56:45 /tmp/gomisc/misc/cgo/testplugin/testdata/checkdwarf/main.go
DELETE FILE: 2022/07/26 23:56:45 /tmp/gomisc/misc/cgo/testplugin/testdata/common/common.go
DELETE FILE: 2022/07/26 23:56:45 /tmp/gomisc/misc/cgo/testplugin/testdata/host/host.go
DELETE FILE: 2022/07/26 23:56:45 /tmp/gomisc/misc/cgo/testplugin/testdata/iface/main.go
DELETE FILE: 2022/07/26 23:56:45 /tmp/gomisc/misc/cgo/testplugin/testdata/iface_a/a.go
DELETE FILE: 2022/07/26 23:56:45 /tmp/gomisc/misc/cgo/testplugin/testdata/iface_b/b.go
DELETE FILE: 2022/07/26 23:56:45 /tmp/gomisc/misc/cgo/testplugin/testdata/iface_i/i.go
DELETE FILE: 2022/07/26 23:56:45 /tmp/gomisc/misc/cgo/testplugin/testdata/issue18584/main.go
DELETE FILE: 2022/07/26 23:56:46 /tmp/gomisc/misc/cgo/testplugin/testdata/issue18584/plugin.go
DELETE FILE: 2022/07/26 23:56:46 /tmp/gomisc/misc/cgo/testplugin/testdata/issue18676/dynamodbstreamsevt/definition.go
DELETE FILE: 2022/07/26 23:56:46 /tmp/gomisc/misc/cgo/testplugin/testdata/issue18676/main.go
DELETE FILE: 2022/07/26 23:56:46 /tmp/gomisc/misc/cgo/testplugin/testdata/issue18676/plugin.go
DELETE FILE: 2022/07/26 23:56:46 /tmp/gomisc/misc/cgo/testplugin/testdata/issue19418/main.go
DELETE FILE: 2022/07/26 23:56:46 /tmp/gomisc/misc/cgo/testplugin/testdata/issue19418/plugin.go
DELETE FILE: 2022/07/26 23:56:46 /tmp/gomisc/misc/cgo/testplugin/testdata/issue19529/plugin.go
DELETE FILE: 2022/07/26 23:56:46 /tmp/gomisc/misc/cgo/testplugin/testdata/issue19534/main.go
DELETE FILE: 2022/07/26 23:56:46 /tmp/gomisc/misc/cgo/testplugin/testdata/issue19534/plugin.go
DELETE FILE: 2022/07/26 23:56:46 /tmp/gomisc/misc/cgo/testplugin/testdata/issue22175/main.go
DELETE FILE: 2022/07/26 23:56:46 /tmp/gomisc/misc/cgo/testplugin/testdata/issue22175/plugin1.go
DELETE FILE: 2022/07/26 23:56:46 /tmp/gomisc/misc/cgo/testplugin/testdata/issue22175/plugin2.go
DELETE FILE: 2022/07/26 23:56:46 /tmp/gomisc/misc/cgo/testplugin/testdata/issue22295.pkg/main.go
DELETE FILE: 2022/07/26 23:56:46 /tmp/gomisc/misc/cgo/testplugin/testdata/issue22295.pkg/plugin.go
DELETE FILE: 2022/07/26 23:56:46 /tmp/gomisc/misc/cgo/testplugin/testdata/issue24351/main.go
DELETE FILE: 2022/07/26 23:56:46 /tmp/gomisc/misc/cgo/testplugin/testdata/issue24351/plugin.go
DELETE FILE: 2022/07/26 23:56:46 /tmp/gomisc/misc/cgo/testplugin/testdata/issue25756/main.go
DELETE FILE: 2022/07/26 23:56:46 /tmp/gomisc/misc/cgo/testplugin/testdata/issue25756/plugin/life.go
DELETE FILE: 2022/07/26 23:56:46 /tmp/gomisc/misc/cgo/testplugin/testdata/issue44956/base/base.go
DELETE FILE: 2022/07/26 23:56:46 /tmp/gomisc/misc/cgo/testplugin/testdata/issue44956/main.go
DELETE FILE: 2022/07/26 23:56:46 /tmp/gomisc/misc/cgo/testplugin/testdata/issue44956/plugin1.go
DELETE FILE: 2022/07/26 23:56:46 /tmp/gomisc/misc/cgo/testplugin/testdata/issue44956/plugin2.go
DELETE FILE: 2022/07/26 23:56:46 /tmp/gomisc/misc/cgo/testplugin/testdata/method/main.go
DELETE FILE: 2022/07/26 23:56:46 /tmp/gomisc/misc/cgo/testplugin/testdata/method/plugin.go
DELETE FILE: 2022/07/26 23:56:46 /tmp/gomisc/misc/cgo/testplugin/testdata/method2/main.go
DELETE FILE: 2022/07/26 23:56:46 /tmp/gomisc/misc/cgo/testplugin/testdata/method2/p/p.go
DELETE FILE: 2022/07/26 23:56:46 /tmp/gomisc/misc/cgo/testplugin/testdata/method2/plugin.go
DELETE FILE: 2022/07/26 23:56:46 /tmp/gomisc/misc/cgo/testplugin/testdata/plugin1/plugin1.go
DELETE FILE: 2022/07/26 23:56:46 /tmp/gomisc/misc/cgo/testplugin/testdata/plugin2/plugin2.go
DELETE FILE: 2022/07/26 23:56:46 /tmp/gomisc/misc/cgo/testplugin/testdata/sub/plugin1/plugin1.go
DELETE FILE: 2022/07/26 23:56:46 /tmp/gomisc/misc/cgo/testplugin/testdata/unnamed1/main.go
DELETE FILE: 2022/07/26 23:56:46 /tmp/gomisc/misc/cgo/testplugin/testdata/unnamed2/main.go
DELETE FILE: 2022/07/26 23:56:46 /tmp/gomisc/misc/cgo/testsanitizers/cc_test.go
DELETE FILE: 2022/07/26 23:56:46 /tmp/gomisc/misc/cgo/testsanitizers/cshared_test.go
DELETE FILE: 2022/07/26 23:56:46 /tmp/gomisc/misc/cgo/testsanitizers/msan_test.go
DELETE FILE: 2022/07/26 23:56:46 /tmp/gomisc/misc/cgo/testsanitizers/testdata/msan.go
DELETE FILE: 2022/07/26 23:56:46 /tmp/gomisc/misc/cgo/testsanitizers/testdata/msan2.go
DELETE FILE: 2022/07/26 23:56:46 /tmp/gomisc/misc/cgo/testsanitizers/testdata/msan2_cmsan.go
DELETE FILE: 2022/07/26 23:56:46 /tmp/gomisc/misc/cgo/testsanitizers/testdata/msan3.go
DELETE FILE: 2022/07/26 23:56:46 /tmp/gomisc/misc/cgo/testsanitizers/testdata/msan4.go
DELETE FILE: 2022/07/26 23:56:46 /tmp/gomisc/misc/cgo/testsanitizers/testdata/msan5.go
DELETE FILE: 2022/07/26 23:56:46 /tmp/gomisc/misc/cgo/testsanitizers/testdata/msan6.go
DELETE FILE: 2022/07/26 23:56:46 /tmp/gomisc/misc/cgo/testsanitizers/testdata/msan7.go
DELETE FILE: 2022/07/26 23:56:46 /tmp/gomisc/misc/cgo/testsanitizers/testdata/msan8.go
DELETE FILE: 2022/07/26 23:56:46 /tmp/gomisc/misc/cgo/testsanitizers/testdata/msan_fail.go
DELETE FILE: 2022/07/26 23:56:46 /tmp/gomisc/misc/cgo/testsanitizers/testdata/msan_shared.go
DELETE FILE: 2022/07/26 23:56:46 /tmp/gomisc/misc/cgo/testsanitizers/testdata/tsan.go
DELETE FILE: 2022/07/26 23:56:46 /tmp/gomisc/misc/cgo/testsanitizers/testdata/tsan10.go
DELETE FILE: 2022/07/26 23:56:46 /tmp/gomisc/misc/cgo/testsanitizers/testdata/tsan11.go
DELETE FILE: 2022/07/26 23:56:46 /tmp/gomisc/misc/cgo/testsanitizers/testdata/tsan12.go
DELETE FILE: 2022/07/26 23:56:46 /tmp/gomisc/misc/cgo/testsanitizers/testdata/tsan2.go
DELETE FILE: 2022/07/26 23:56:46 /tmp/gomisc/misc/cgo/testsanitizers/testdata/tsan3.go
DELETE FILE: 2022/07/26 23:56:46 /tmp/gomisc/misc/cgo/testsanitizers/testdata/tsan4.go
DELETE FILE: 2022/07/26 23:56:46 /tmp/gomisc/misc/cgo/testsanitizers/testdata/tsan5.go
DELETE FILE: 2022/07/26 23:56:46 /tmp/gomisc/misc/cgo/testsanitizers/testdata/tsan6.go
DELETE FILE: 2022/07/26 23:56:46 /tmp/gomisc/misc/cgo/testsanitizers/testdata/tsan7.go
DELETE FILE: 2022/07/26 23:56:46 /tmp/gomisc/misc/cgo/testsanitizers/testdata/tsan8.go
DELETE FILE: 2022/07/26 23:56:46 /tmp/gomisc/misc/cgo/testsanitizers/testdata/tsan9.go
DELETE FILE: 2022/07/26 23:56:46 /tmp/gomisc/misc/cgo/testsanitizers/testdata/tsan_shared.go
DELETE FILE: 2022/07/26 23:56:46 /tmp/gomisc/misc/cgo/testsanitizers/tsan_test.go
DELETE FILE: 2022/07/26 23:56:47 /tmp/gomisc/misc/cgo/testshared/overlaydir_test.go
DELETE FILE: 2022/07/26 23:56:47 /tmp/gomisc/misc/cgo/testshared/shared_test.go
DELETE FILE: 2022/07/26 23:56:47 /tmp/gomisc/misc/cgo/testshared/testdata/dep2/dep2.go
DELETE FILE: 2022/07/26 23:56:47 /tmp/gomisc/misc/cgo/testshared/testdata/dep3/dep3.go
DELETE FILE: 2022/07/26 23:56:47 /tmp/gomisc/misc/cgo/testshared/testdata/depBase/dep.go
DELETE FILE: 2022/07/26 23:56:47 /tmp/gomisc/misc/cgo/testshared/testdata/depBase/gccgo.go
DELETE FILE: 2022/07/26 23:56:47 /tmp/gomisc/misc/cgo/testshared/testdata/depBase/stubs.go
DELETE FILE: 2022/07/26 23:56:47 /tmp/gomisc/misc/cgo/testshared/testdata/division/division.go
DELETE FILE: 2022/07/26 23:56:47 /tmp/gomisc/misc/cgo/testshared/testdata/exe/exe.go
DELETE FILE: 2022/07/26 23:56:47 /tmp/gomisc/misc/cgo/testshared/testdata/exe2/exe2.go
DELETE FILE: 2022/07/26 23:56:47 /tmp/gomisc/misc/cgo/testshared/testdata/exe3/exe3.go
DELETE FILE: 2022/07/26 23:56:47 /tmp/gomisc/misc/cgo/testshared/testdata/execgo/exe.go
DELETE FILE: 2022/07/26 23:56:47 /tmp/gomisc/misc/cgo/testshared/testdata/explicit/explicit.go
DELETE FILE: 2022/07/26 23:56:47 /tmp/gomisc/misc/cgo/testshared/testdata/gcdata/main/main.go
DELETE FILE: 2022/07/26 23:56:47 /tmp/gomisc/misc/cgo/testshared/testdata/gcdata/p/p.go
DELETE FILE: 2022/07/26 23:56:47 /tmp/gomisc/misc/cgo/testshared/testdata/global/main.go
DELETE FILE: 2022/07/26 23:56:47 /tmp/gomisc/misc/cgo/testshared/testdata/globallib/global.go
DELETE FILE: 2022/07/26 23:56:47 /tmp/gomisc/misc/cgo/testshared/testdata/iface/main.go
DELETE FILE: 2022/07/26 23:56:47 /tmp/gomisc/misc/cgo/testshared/testdata/iface_a/a.go
DELETE FILE: 2022/07/26 23:56:47 /tmp/gomisc/misc/cgo/testshared/testdata/iface_b/b.go
DELETE FILE: 2022/07/26 23:56:47 /tmp/gomisc/misc/cgo/testshared/testdata/iface_i/i.go
DELETE FILE: 2022/07/26 23:56:47 /tmp/gomisc/misc/cgo/testshared/testdata/implicit/implicit.go
DELETE FILE: 2022/07/26 23:56:47 /tmp/gomisc/misc/cgo/testshared/testdata/implicitcmd/implicitcmd.go
DELETE FILE: 2022/07/26 23:56:47 /tmp/gomisc/misc/cgo/testshared/testdata/issue25065/a.go
DELETE FILE: 2022/07/26 23:56:47 /tmp/gomisc/misc/cgo/testshared/testdata/issue30768/issue30768lib/lib.go
DELETE FILE: 2022/07/26 23:56:47 /tmp/gomisc/misc/cgo/testshared/testdata/issue30768/x_test.go
DELETE FILE: 2022/07/26 23:56:47 /tmp/gomisc/misc/cgo/testshared/testdata/issue39777/a/a.go
DELETE FILE: 2022/07/26 23:56:47 /tmp/gomisc/misc/cgo/testshared/testdata/issue39777/b/b.go
DELETE FILE: 2022/07/26 23:56:47 /tmp/gomisc/misc/cgo/testshared/testdata/issue44031/a/a.go
DELETE FILE: 2022/07/26 23:56:47 /tmp/gomisc/misc/cgo/testshared/testdata/issue44031/b/b.go
DELETE FILE: 2022/07/26 23:56:47 /tmp/gomisc/misc/cgo/testshared/testdata/issue44031/main/main.go
DELETE FILE: 2022/07/26 23:56:47 /tmp/gomisc/misc/cgo/testshared/testdata/issue47837/a/a.go
DELETE FILE: 2022/07/26 23:56:47 /tmp/gomisc/misc/cgo/testshared/testdata/issue47837/main/main.go
DELETE FILE: 2022/07/26 23:56:47 /tmp/gomisc/misc/cgo/testshared/testdata/trivial/trivial.go
DELETE FILE: 2022/07/26 23:56:47 /tmp/gomisc/misc/cgo/testsigfwd/main.go
DELETE FILE: 2022/07/26 23:56:47 /tmp/gomisc/misc/cgo/testso/noso_test.go
DELETE FILE: 2022/07/26 23:56:47 /tmp/gomisc/misc/cgo/testso/overlaydir_test.go
DELETE FILE: 2022/07/26 23:56:47 /tmp/gomisc/misc/cgo/testso/so_test.go
DELETE FILE: 2022/07/26 23:56:47 /tmp/gomisc/misc/cgo/testso/testdata/cgoso.go
DELETE FILE: 2022/07/26 23:56:47 /tmp/gomisc/misc/cgo/testso/testdata/cgoso_unix.go
DELETE FILE: 2022/07/26 23:56:47 /tmp/gomisc/misc/cgo/testso/testdata/main.go
DELETE FILE: 2022/07/26 23:56:47 /tmp/gomisc/misc/cgo/testsovar/noso_test.go
DELETE FILE: 2022/07/26 23:56:47 /tmp/gomisc/misc/cgo/testsovar/overlaydir_test.go
DELETE FILE: 2022/07/26 23:56:47 /tmp/gomisc/misc/cgo/testsovar/so_test.go
DELETE FILE: 2022/07/26 23:56:47 /tmp/gomisc/misc/cgo/testsovar/testdata/cgoso.go
DELETE FILE: 2022/07/26 23:56:47 /tmp/gomisc/misc/cgo/testsovar/testdata/main.go
DELETE FILE: 2022/07/26 23:56:47 /tmp/gomisc/misc/cgo/testtls/tls.go
DELETE FILE: 2022/07/26 23:56:47 /tmp/gomisc/misc/cgo/testtls/tls_test.go
DELETE FILE: 2022/07/26 23:56:47 /tmp/gomisc/misc/ios/detect.go
DELETE FILE: 2022/07/26 23:56:47 /tmp/gomisc/misc/ios/go_ios_exec.go
DELETE FILE: 2022/07/26 23:56:47 /tmp/gomisc/misc/linkcheck/linkcheck.go
DELETE FILE: 2022/07/26 23:56:47 /tmp/gomisc/misc/reboot/experiment_toolid_test.go
DELETE FILE: 2022/07/26 23:56:47 /tmp/gomisc/misc/reboot/overlaydir_test.go
DELETE FILE: 2022/07/26 23:56:47 /tmp/gomisc/misc/reboot/reboot_test.go
DELETE FILE: 2022/07/26 23:56:48 /tmp/gomisc/misc/swig/callback/callback.go
DELETE FILE: 2022/07/26 23:56:48 /tmp/gomisc/misc/swig/callback/callback_test.go
DELETE FILE: 2022/07/26 23:56:48 /tmp/gomisc/misc/swig/stdio/file.go
DELETE FILE: 2022/07/26 23:56:48 /tmp/gomisc/misc/swig/stdio/file_test.go
